<?xml version="1.0" encoding="UTF-8"?>
<!-- Generated by org.testng.reporters.JUnitReportReporter -->
<testsuite skipped="0" hostname="KARTIK-PC" name="POIPackage.TestPoi" tests="2" failures="0" timestamp="13 Jan 2018 10:45:15 GMT" time="62.846" errors="0">
  <testcase name="funtionalityTest" time="31.746" classname="POIPackage.TestPoi"/>
  <testcase name="funtionalityTest" time="31.100" classname="POIPackage.TestPoi"/>
</testsuite> <!-- POIPackage.TestPoi -->
